<?xml version="1.0" encoding="UTF-8"?>
<testng-results ignored="0" total="1" passed="1" failed="0" skipped="0">
  <reporter-output>
  </reporter-output>
  <suite started-at="2023-03-07T14:46:38 CET" name="Default suite" finished-at="2023-03-07T14:47:10 CET" duration-ms="31718">
    <groups>
    </groups>
    <test started-at="2023-03-07T14:46:38 CET" name="Default test" finished-at="2023-03-07T14:47:10 CET" duration-ms="31718">
      <class name="automation.CompatiblityTest">
        <test-method signature="testVirtualLandscapeInteractions()[pri:0, instance:automation.CompatiblityTest@3246fb96]" started-at="2023-03-07T14:46:38 CET" name="testVirtualLandscapeInteractions" finished-at="2023-03-07T14:47:10 CET" duration-ms="31642" status="PASS">
          <reporter-output>
          </reporter-output>
        </test-method> <!-- testVirtualLandscapeInteractions -->
      </class> <!-- automation.CompatiblityTest -->
    </test> <!-- Default test -->
  </suite> <!-- Default suite -->
</testng-results>
